Using pre-set license
Built from '2021.3/staging' branch; Version is '2021.3.33f1 (ee5a2aa03ab2) revision 15620650'; Using compiler version '192829333'; Build Type 'Release'
OS: 'Windows 11  (10.0.22631) 64bit Professional' Language: 'en' Physical Memory: 16069 MB
BatchMode: 1, IsHumanControllingUs: 0, StartBugReporterOnCrash: 0, Is64bit: 1, IsPro: 1

COMMAND LINE ARGUMENTS:
C:\Program Files\Unity\Hub\Editor\2021.3.33f1\Editor\Unity.exe
-adb2
-batchMode
-noUpm
-name
AssetImportWorker1
-projectPath
C:/dev/Senet/senet-sdk/Runtime
-logFile
Logs/AssetImportWorker1.log
-srvPort
52832
Successfully changed project path to: C:/dev/Senet/senet-sdk/Runtime
C:/dev/Senet/senet-sdk/Runtime
[UnityMemory] Configuration Parameters - Can be set up in boot.config
    "memorysetup-bucket-allocator-granularity=16"
    "memorysetup-bucket-allocator-bucket-count=8"
    "memorysetup-bucket-allocator-block-size=33554432"
    "memorysetup-bucket-allocator-block-count=8"
    "memorysetup-main-allocator-block-size=16777216"
    "memorysetup-thread-allocator-block-size=16777216"
    "memorysetup-gfx-main-allocator-block-size=16777216"
    "memorysetup-gfx-thread-allocator-block-size=16777216"
    "memorysetup-cache-allocator-block-size=4194304"
    "memorysetup-typetree-allocator-block-size=2097152"
    "memorysetup-profiler-bucket-allocator-granularity=16"
    "memorysetup-profiler-bucket-allocator-bucket-count=8"
    "memorysetup-profiler-bucket-allocator-block-size=33554432"
    "memorysetup-profiler-bucket-allocator-block-count=8"
    "memorysetup-profiler-allocator-block-size=16777216"
    "memorysetup-profiler-editor-allocator-block-size=1048576"
    "memorysetup-temp-allocator-size-main=16777216"
    "memorysetup-job-temp-allocator-block-size=2097152"
    "memorysetup-job-temp-allocator-block-size-background=1048576"
    "memorysetup-job-temp-allocator-reduction-small-platforms=262144"
    "memorysetup-temp-allocator-size-background-worker=32768"
    "memorysetup-temp-allocator-size-job-worker=262144"
    "memorysetup-temp-allocator-size-preload-manager=33554432"
    "memorysetup-temp-allocator-size-nav-mesh-worker=65536"
    "memorysetup-temp-allocator-size-audio-worker=65536"
    "memorysetup-temp-allocator-size-cloud-worker=32768"
    "memorysetup-temp-allocator-size-gi-baking-worker=262144"
    "memorysetup-temp-allocator-size-gfx=262144"
Player connection [23976] Host "[IP] 172.17.48.1 [Port] 0 [Flags] 2 [Guid] 635342848 [EditorId] 635342848 [Version] 1048832 [Id] WindowsEditor(7,DESKTOP-2CUVNVK) [Debug] 1 [PackageName] WindowsEditor [ProjectName] Editor" joined multi-casting on [225.0.0.222:54997]...

Player connection [23976] Host "[IP] 172.17.48.1 [Port] 0 [Flags] 2 [Guid] 635342848 [EditorId] 635342848 [Version] 1048832 [Id] WindowsEditor(7,DESKTOP-2CUVNVK) [Debug] 1 [PackageName] WindowsEditor [ProjectName] Editor" joined alternative multi-casting on [225.0.0.222:34997]...

[Physics::Module] Initialized MultithreadedJobDispatcher with {0} workers.
Setting multithreaded rendering option only supported for iOS, tvOS and Android platforms, VisionOS provided
Multithreaded rendering setting removed for platform VisionOS
Refreshing native plugins compatible for Editor in 4.38 ms, found 0 plugins.
Preloading 0 native plugins for Editor in 0.00 ms.
Initialize engine version: 2021.3.33f1 (ee5a2aa03ab2)
[Subsystems] Discovering subsystems at path C:/Program Files/Unity/Hub/Editor/2021.3.33f1/Editor/Data/Resources/UnitySubsystems
[Subsystems] Discovering subsystems at path C:/dev/Senet/senet-sdk/Runtime/Assets
GfxDevice: creating device client; threaded=0; jobified=0
Direct3D:
    Version:  Direct3D 11.0 [level 11.1]
    Renderer: Intel(R) Iris(R) Xe Graphics (ID=0x46a6)
    Vendor:   Intel
    VRAM:     8034 MB
    Driver:   31.0.101.4255
Initialize mono
Mono path[0] = 'C:/Program Files/Unity/Hub/Editor/2021.3.33f1/Editor/Data/Managed'
Mono path[1] = 'C:/Program Files/Unity/Hub/Editor/2021.3.33f1/Editor/Data/MonoBleedingEdge/lib/mono/unityjit-win32'
Mono config path = 'C:/Program Files/Unity/Hub/Editor/2021.3.33f1/Editor/Data/MonoBleedingEdge/etc'
Using monoOptions --debugger-agent=transport=dt_socket,embedding=1,server=y,suspend=n,address=127.0.0.1:56816
Begin MonoManager ReloadAssembly
Registering precompiled unity dll's ...
Register platform support module: C:/Program Files/Unity/Hub/Editor/2021.3.33f1/Editor/Data/PlaybackEngines/AndroidPlayer/UnityEditor.Android.Extensions.dll
Register platform support module: C:/Program Files/Unity/Hub/Editor/2021.3.33f1/Editor/Data/PlaybackEngines/iOSSupport/UnityEditor.iOS.Extensions.dll
Register platform support module: C:/Program Files/Unity/Hub/Editor/2021.3.33f1/Editor/Data/PlaybackEngines/WindowsStandaloneSupport/UnityEditor.WindowsStandalone.Extensions.dll
Registered in 0.006547 seconds.
Native extension for WindowsStandalone target not found
[usbmuxd] Start listen thread
[usbmuxd] Listen thread started
Native extension for iOS target not found
Native extension for Android target not found
Android Extension - Scanning For ADB Devices 304 ms
Refreshing native plugins compatible for Editor in 2.80 ms, found 0 plugins.
Preloading 0 native plugins for Editor in 0.00 ms.
Mono: successfully reloaded assembly
- Completed reload, in  0.961 seconds
Domain Reload Profiling:
	ReloadAssembly (961ms)
		BeginReloadAssembly (131ms)
			ExecutionOrderSort (0ms)
			DisableScriptedObjects (0ms)
			BackupInstance (0ms)
			ReleaseScriptingObjects (0ms)
			CreateAndSetChildDomain (1ms)
		EndReloadAssembly (739ms)
			LoadAssemblies (132ms)
			RebuildTransferFunctionScriptingTraits (0ms)
			SetupTypeCache (110ms)
			ReleaseScriptCaches (0ms)
			RebuildScriptCaches (26ms)
			SetupLoadedEditorAssemblies (564ms)
				LogAssemblyErrors (0ms)
				InitializePlatformSupportModulesInManaged (424ms)
				SetLoadedEditorAssemblies (0ms)
				RefreshPlugins (3ms)
				BeforeProcessingInitializeOnLoad (1ms)
				ProcessInitializeOnLoadAttributes (93ms)
				ProcessInitializeOnLoadMethodAttributes (42ms)
				AfterProcessingInitializeOnLoad (0ms)
				EditorAssembliesLoaded (0ms)
			ExecutionOrderSort2 (0ms)
			AwakeInstancesAfterBackupRestoration (0ms)
Platform modules already initialized, skipping
Registering precompiled user dll's ...
Registered in 0.000000 seconds.
Begin MonoManager ReloadAssembly
Native extension for WindowsStandalone target not found
Native extension for iOS target not found
Native extension for Android target not found
Refreshing native plugins compatible for Editor in 0.04 ms, found 0 plugins.
Preloading 0 native plugins for Editor in 0.00 ms.
Mono: successfully reloaded assembly
- Completed reload, in  0.600 seconds
Domain Reload Profiling:
	ReloadAssembly (601ms)
		BeginReloadAssembly (134ms)
			ExecutionOrderSort (0ms)
			DisableScriptedObjects (5ms)
			BackupInstance (0ms)
			ReleaseScriptingObjects (0ms)
			CreateAndSetChildDomain (19ms)
		EndReloadAssembly (409ms)
			LoadAssemblies (86ms)
			RebuildTransferFunctionScriptingTraits (0ms)
			SetupTypeCache (102ms)
			ReleaseScriptCaches (0ms)
			RebuildScriptCaches (24ms)
			SetupLoadedEditorAssemblies (182ms)
				LogAssemblyErrors (0ms)
				InitializePlatformSupportModulesInManaged (28ms)
				SetLoadedEditorAssemblies (0ms)
				RefreshPlugins (0ms)
				BeforeProcessingInitializeOnLoad (23ms)
				ProcessInitializeOnLoadAttributes (107ms)
				ProcessInitializeOnLoadMethodAttributes (17ms)
				AfterProcessingInitializeOnLoad (5ms)
				EditorAssembliesLoaded (0ms)
			ExecutionOrderSort2 (0ms)
			AwakeInstancesAfterBackupRestoration (6ms)
Platform modules already initialized, skipping
========================================================================
Worker process is ready to serve import requests
Setting multithreaded rendering option only supported for iOS, tvOS and Android platforms, VisionOS provided
Multithreaded rendering setting removed for platform VisionOS
Launched and connected shader compiler UnityShaderCompiler.exe after 0.05 seconds
Refreshing native plugins compatible for Editor in 0.05 ms, found 0 plugins.
Preloading 0 native plugins for Editor in 0.00 ms.
Unloading 53 Unused Serialized files (Serialized files now loaded: 0)
Unloading 2 unused Assets / (46.7 KB). Loaded Objects now: 526.
Memory consumption went from 28.1 MB to 28.1 MB.
Total: 2.406100 ms (FindLiveObjects: 0.043100 ms CreateObjectMapping: 0.005500 ms MarkObjects: 2.280500 ms  DeleteObjects: 0.075900 ms)

AssetImportParameters requested are different than current active one (requested -> active):
  custom:video-decoder-ogg-theora: a1e56fd34408186e4bbccfd4996cb3dc -> 
  custom:container-muxer-webm: aa71ff27fc2769a1b78a27578f13a17b -> 
  custom:container-demuxer-webm: 4f35f7cbe854078d1ac9338744f61a02 -> 
  custom:video-encoder-webm-vp8: eb34c28f22e8b96e1ab97ce403110664 -> 
  custom:video-codec-MediaFoundation-h265: 746d11721c4dcdbdad8f713fa42b33f4 -> 
  custom:CustomObjectIndexerAttribute: bc11b3a6c3213fcdd17b65e7da85e133 -> 
  custom:audio-encoder-webm-vorbis: bf7c407c2cedff20999df2af8eb42d56 -> 
  custom:framework-win-MediaFoundation: 216162199b28c13a410421893ffa2e32 -> 
  custom:SearchIndexIgnoredProperties: e643bd26f0fe6173181afceb89e7c659 -> 
  custom:container-demuxer-ogg: 62fdf1f143b41e24485cea50d1cbac27 -> 
  custom:video-decoder-webm-vp8: 9c59270c3fd7afecdb556c50c9e8de78 -> 
  custom:audio-decoder-ogg-vorbis: bf7c407c2cedff20999df2af8eb42d56 -> 
========================================================================
Received Import Request.
  Time since last request: 1090869.076800 seconds.
  path: Assets/Scripts/Models/RewardModel.asmdef
  artifactKey: Guid(926affa00acc5db4cb31a9c9e03b9bf3) Importer(815301076,1909f56bfc062723c751e8b465ee728b)
Number of updated assets reloaded before import = 0
Start importing Assets/Scripts/Models/RewardModel.asmdef using Guid(926affa00acc5db4cb31a9c9e03b9bf3) Importer(815301076,1909f56bfc062723c751e8b465ee728b)  -> (artifact id: 'e7cff5b32bc514e9a1f6528c33820942') in 0.026294 seconds 
Number of asset objects unloaded after import = 0
========================================================================
Received Import Request.
  Time since last request: 21.461479 seconds.
  path: Assets/senet coin.png
  artifactKey: Guid(e6b2e3542b754294aa700697e1682563) Importer(815301076,1909f56bfc062723c751e8b465ee728b)
Number of updated assets reloaded before import = 0
Start importing Assets/senet coin.png using Guid(e6b2e3542b754294aa700697e1682563) Importer(815301076,1909f56bfc062723c751e8b465ee728b)  -> (artifact id: 'e66097173d280fdedfcd94d8db2ef773') in 0.128026 seconds 
Number of asset objects unloaded after import = 3
========================================================================
Received Import Request.
  Time since last request: 13.025734 seconds.
  path: Assets/BeamableInstaller/Editor/Readme.asset
  artifactKey: Guid(abd82253260b34e69b92ecc2cdb6e56c) Importer(815301076,1909f56bfc062723c751e8b465ee728b)
Number of updated assets reloaded before import = 0
Start importing Assets/BeamableInstaller/Editor/Readme.asset using Guid(abd82253260b34e69b92ecc2cdb6e56c) Importer(815301076,1909f56bfc062723c751e8b465ee728b)  -> (artifact id: '2c925d2d681e0d4b30ea67cf5a197930') in 0.021861 seconds 
Number of asset objects unloaded after import = 1
========================================================================
Received Import Request.
  Time since last request: 28.081078 seconds.
  path: Assets/Senet New UI Assets/Banner_Page_Tournament.png
  artifactKey: Guid(cb8ad5319230737498720e1853fdbaf7) Importer(815301076,1909f56bfc062723c751e8b465ee728b)
Number of updated assets reloaded before import = 0
Start importing Assets/Senet New UI Assets/Banner_Page_Tournament.png using Guid(cb8ad5319230737498720e1853fdbaf7) Importer(815301076,1909f56bfc062723c751e8b465ee728b)  -> (artifact id: 'ff37db6a4cbd6ac881db8d70f7c8da25') in 0.058154 seconds 
Number of asset objects unloaded after import = 3
========================================================================
Received Import Request.
  Time since last request: 0.000031 seconds.
  path: Assets/Senet New UI Assets/Button_PFT_Whole (Joined).png
  artifactKey: Guid(6b390ed40d983a745becda08de430407) Importer(815301076,1909f56bfc062723c751e8b465ee728b)
Number of updated assets reloaded before import = 0
Start importing Assets/Senet New UI Assets/Button_PFT_Whole (Joined).png using Guid(6b390ed40d983a745becda08de430407) Importer(815301076,1909f56bfc062723c751e8b465ee728b)  -> (artifact id: '96b8e34a832ee88c6cccdb4834348229') in 0.047479 seconds 
Number of asset objects unloaded after import = 3
========================================================================
Received Import Request.
  Time since last request: 0.000022 seconds.
  path: Assets/Senet New UI Assets/EmptyPlayer.png
  artifactKey: Guid(02f81aa2a4d428a489c42fbc2dda0c23) Importer(815301076,1909f56bfc062723c751e8b465ee728b)
Number of updated assets reloaded before import = 0
Start importing Assets/Senet New UI Assets/EmptyPlayer.png using Guid(02f81aa2a4d428a489c42fbc2dda0c23) Importer(815301076,1909f56bfc062723c751e8b465ee728b)  -> (artifact id: 'ed64b633314c8044f3000cae86f978de') in 0.039495 seconds 
Number of asset objects unloaded after import = 3
========================================================================
Received Import Request.
  Time since last request: 0.000029 seconds.
  path: Assets/Senet New UI Assets/Button_PFT_Error.png
  artifactKey: Guid(e03d20f7389c2fb41a65ecca30b1549e) Importer(815301076,1909f56bfc062723c751e8b465ee728b)
Number of updated assets reloaded before import = 0
Start importing Assets/Senet New UI Assets/Button_PFT_Error.png using Guid(e03d20f7389c2fb41a65ecca30b1549e) Importer(815301076,1909f56bfc062723c751e8b465ee728b)  -> (artifact id: '7ccf192af4581cd80acc7dcb3002ee49') in 0.039498 seconds 
Number of asset objects unloaded after import = 3
========================================================================
Received Import Request.
  Time since last request: 0.000034 seconds.
  path: Assets/Senet New UI Assets/Hamburger_Line_Grey.png
  artifactKey: Guid(6dc95a4a4caa6ab4ba07256bc0fcfd58) Importer(815301076,1909f56bfc062723c751e8b465ee728b)
Number of updated assets reloaded before import = 0
Start importing Assets/Senet New UI Assets/Hamburger_Line_Grey.png using Guid(6dc95a4a4caa6ab4ba07256bc0fcfd58) Importer(815301076,1909f56bfc062723c751e8b465ee728b)  -> (artifact id: 'bea6b0e09585133ea61c9d825cb52e5a') in 0.030134 seconds 
Number of asset objects unloaded after import = 3
========================================================================
Received Import Request.
  Time since last request: 0.000032 seconds.
  path: Assets/Senet New UI Assets/Button_PFT_Error01.png
  artifactKey: Guid(d7c446e97d93dc847b1d8251d2458bf8) Importer(815301076,1909f56bfc062723c751e8b465ee728b)
Number of updated assets reloaded before import = 0
Start importing Assets/Senet New UI Assets/Button_PFT_Error01.png using Guid(d7c446e97d93dc847b1d8251d2458bf8) Importer(815301076,1909f56bfc062723c751e8b465ee728b)  -> (artifact id: 'cc7433b6d0443adf12f8b8582dc2d07f') in 0.044757 seconds 
Number of asset objects unloaded after import = 3
========================================================================
Received Import Request.
  Time since last request: 0.000024 seconds.
  path: Assets/Senet New UI Assets/Hamburger_Slide.png
  artifactKey: Guid(1ea8de4153735214db644001eca2caeb) Importer(815301076,1909f56bfc062723c751e8b465ee728b)
Number of updated assets reloaded before import = 0
Start importing Assets/Senet New UI Assets/Hamburger_Slide.png using Guid(1ea8de4153735214db644001eca2caeb) Importer(815301076,1909f56bfc062723c751e8b465ee728b)  -> (artifact id: '1c2998256e2064052da791eef6829b5e') in 0.074635 seconds 
Number of asset objects unloaded after import = 3
========================================================================
Received Import Request.
  Time since last request: 0.000032 seconds.
  path: Assets/Senet New UI Assets/Button_Orange.png
  artifactKey: Guid(a197032dae3d3214197e17d70ddcce84) Importer(815301076,1909f56bfc062723c751e8b465ee728b)
Number of updated assets reloaded before import = 0
Start importing Assets/Senet New UI Assets/Button_Orange.png using Guid(a197032dae3d3214197e17d70ddcce84) Importer(815301076,1909f56bfc062723c751e8b465ee728b)  -> (artifact id: '7033d44cdde27be1da382906440a8b0e') in 0.031569 seconds 
Number of asset objects unloaded after import = 3
========================================================================
Received Import Request.
  Time since last request: 0.000050 seconds.
  path: Assets/Senet New UI Assets/Button_PFT_Whole.png
  artifactKey: Guid(74f7aab921fe593469034ababe18a55e) Importer(815301076,1909f56bfc062723c751e8b465ee728b)
Number of updated assets reloaded before import = 0
Start importing Assets/Senet New UI Assets/Button_PFT_Whole.png using Guid(74f7aab921fe593469034ababe18a55e) Importer(815301076,1909f56bfc062723c751e8b465ee728b)  -> (artifact id: '90ab3c27a0011eddea730ddb5e182853') in 0.045826 seconds 
Number of asset objects unloaded after import = 3
========================================================================
Received Import Request.
  Time since last request: 0.000028 seconds.
  path: Assets/Senet New UI Assets/Hamburger_Line_Orange.png
  artifactKey: Guid(65f3a0027355fb94bb9c65be986b42a0) Importer(815301076,1909f56bfc062723c751e8b465ee728b)
Number of updated assets reloaded before import = 0
Start importing Assets/Senet New UI Assets/Hamburger_Line_Orange.png using Guid(65f3a0027355fb94bb9c65be986b42a0) Importer(815301076,1909f56bfc062723c751e8b465ee728b)  -> (artifact id: 'cfba7a749ce96f5d7a8bd7de01b5197d') in 0.048102 seconds 
Number of asset objects unloaded after import = 3
========================================================================
Received Import Request.
  Time since last request: 0.000051 seconds.
  path: Assets/Senet New UI Assets/Button_Grey.png
  artifactKey: Guid(de1c670a55daf44489ef7604f4145b10) Importer(815301076,1909f56bfc062723c751e8b465ee728b)
Number of updated assets reloaded before import = 0
Start importing Assets/Senet New UI Assets/Button_Grey.png using Guid(de1c670a55daf44489ef7604f4145b10) Importer(815301076,1909f56bfc062723c751e8b465ee728b)  -> (artifact id: '621a17054c815bc316455ebef2c5be7a') in 0.033440 seconds 
Number of asset objects unloaded after import = 3
========================================================================
Received Import Request.
  Time since last request: 0.000017 seconds.
  path: Assets/Senet New UI Assets/Icon_Back.png
  artifactKey: Guid(73519754b9463a245b60241a47fe8523) Importer(815301076,1909f56bfc062723c751e8b465ee728b)
Number of updated assets reloaded before import = 0
Start importing Assets/Senet New UI Assets/Icon_Back.png using Guid(73519754b9463a245b60241a47fe8523) Importer(815301076,1909f56bfc062723c751e8b465ee728b)  -> (artifact id: 'e6d9f7b9ea5ab7478f79c82da05149ea') in 0.039288 seconds 
Number of asset objects unloaded after import = 3
Editor requested this worker to shutdown with reason: Scaling down because of idle timeout
AssetImportWorkerClient::OnTransportError - code=2 error=End of file
AssetImportWorker is now disconnected from the server
Process exiting
Exiting without the bug reporter. Application will terminate with return code 0